commonLib/build/intermediates/manifest_merge_blame_file/debug/manifest-merger-blame-debug-report.txt
1<?xml version="1.0" encoding="utf-8"?>
2<manifest xmlns:android="http://schemas.android.com/apk/res/android"
3    package="com.fntech.commonlib"
4    android:versionCode="1"
5    android:versionName="1.0" >
6
7    <uses-sdk
7-->src\main\AndroidManifest.xml:6:5-47
8        android:minSdkVersion="14"
8-->src\main\AndroidManifest.xml:6:5-47
9        android:targetSdkVersion="22" />
9-->src\main\AndroidManifest.xml:6:15-44
10
11    <uses-permission android:name="android.permission.MOUNT_UNMOUNT_FILESYSTEMS" />
11-->src\main\AndroidManifest.xml:7:5-83
11-->src\main\AndroidManifest.xml:7:22-81
12    <uses-permission android:name="android.permission.WRITE_EXTERNAL_STORAGE" />
12-->src\main\AndroidManifest.xml:8:5-80
12-->src\main\AndroidManifest.xml:8:22-78
13    <uses-permission android:name="android.permission.READ_EXTERNAL_STORAGE" />
13-->src\main\AndroidManifest.xml:9:5-79
13-->src\main\AndroidManifest.xml:9:22-77
14    <uses-permission android:name="android.permission.WRITE_INTERNAL_STORAGE" />
14-->src\main\AndroidManifest.xml:10:5-81
14-->src\main\AndroidManifest.xml:10:22-78
15    <uses-permission android:name="android.permission.READ_INTERNAL_STORAGE" />
15-->src\main\AndroidManifest.xml:11:5-80
15-->src\main\AndroidManifest.xml:11:22-77
16
17    <application
17-->src\main\AndroidManifest.xml:13:5-18:19
18        android:allowBackup="true"
18-->src\main\AndroidManifest.xml:14:9-35
19        android:icon="@drawable/ic_launcher"
19-->src\main\AndroidManifest.xml:15:9-45
20        android:label="@string/app_name"
20-->src\main\AndroidManifest.xml:16:9-41
21        android:theme="@style/AppTheme" >
21-->src\main\AndroidManifest.xml:17:9-40
22    </application>
23
24</manifest>